\BOOKMARK [1][-]{section.1}{\376\377\000I\000n\000t\000r\000o\000d\000u\000c\000t\000i\000o\000n}{}% 1
\BOOKMARK [2][-]{subsection.1.1}{\376\377\000H\000a\000r\000d\000w\000a\000r\000e\000\040\000a\000n\000d\000\040\000s\000o\000f\000t\000w\000a\000r\000e\000\040\000s\000p\000e\000c\000i\000f\000i\000c\000a\000t\000i\000o\000n\000s}{section.1}% 2
\BOOKMARK [2][-]{subsection.1.2}{\376\377\000R\000e\000f\000e\000r\000e\000n\000c\000e\000s}{section.1}% 3
\BOOKMARK [1][-]{section.2}{\376\377\000T\000h\000e\000\040\000s\000t\000r\000i\000n\000g\000\040\000m\000a\000t\000c\000h\000i\000n\000g\000\040\000p\000r\000o\000b\000l\000e\000m}{}% 4
\BOOKMARK [2][-]{subsection.2.1}{\376\377\000D\000e\000f\000i\000n\000i\000t\000i\000o\000n}{section.2}% 5
\BOOKMARK [2][-]{subsection.2.2}{\376\377\000E\000x\000a\000m\000p\000l\000e}{section.2}% 6
\BOOKMARK [2][-]{subsection.2.3}{\376\377\000P\000r\000a\000c\000t\000i\000c\000a\000l\000\040\000a\000p\000p\000l\000i\000c\000a\000t\000i\000o\000n}{section.2}% 7
\BOOKMARK [1][-]{section.3}{\376\377\000T\000h\000e\000\040\000n\000a\000i\000v\000e\000\040\000s\000t\000r\000i\000n\000g\000-\000m\000a\000t\000c\000h\000i\000n\000g\000\040\000a\000l\000g\000o\000r\000i\000t\000h\000m}{}% 8
\BOOKMARK [2][-]{subsection.3.1}{\376\377\000D\000e\000s\000c\000r\000i\000p\000t\000i\000o\000n}{section.3}% 9
\BOOKMARK [2][-]{subsection.3.2}{\376\377\000P\000s\000e\000u\000d\000o\000c\000o\000d\000e}{section.3}% 10
\BOOKMARK [2][-]{subsection.3.3}{\376\377\000T\000i\000m\000e\000\040\000c\000o\000m\000p\000l\000e\000x\000i\000t\000y}{section.3}% 11
\BOOKMARK [1][-]{section.4}{\376\377\000S\000t\000r\000i\000n\000g\000\040\000m\000a\000t\000c\000h\000i\000n\000g\000\040\000w\000i\000t\000h\000\040\000f\000i\000n\000i\000t\000e\000\040\000a\000u\000t\000o\000m\000a\000t\000a}{}% 12
\BOOKMARK [2][-]{subsection.4.1}{\376\377\000F\000i\000n\000i\000t\000e\000\040\000a\000u\000t\000o\000m\000a\000t\000o\000n}{section.4}% 13
\BOOKMARK [1][-]{section.5}{\376\377\000K\000n\000u\000t\000h\000-\000M\000o\000r\000r\000i\000s\000-\000P\000r\000a\000t\000t\000\040\000a\000l\000g\000o\000r\000i\000t\000h\000m}{}% 14
\BOOKMARK [2][-]{subsection.5.1}{\376\377\000D\000e\000s\000c\000r\000i\000p\000t\000i\000o\000n}{section.5}% 15
\BOOKMARK [2][-]{subsection.5.2}{\376\377\000P\000s\000e\000u\000d\000o\000c\000o\000d\000e}{section.5}% 16
\BOOKMARK [2][-]{subsection.5.3}{\376\377\000T\000i\000m\000e\000\040\000c\000o\000m\000p\000l\000e\000x\000i\000t\000y}{section.5}% 17
\BOOKMARK [1][-]{section.6}{\376\377\000D\000i\000f\000f\000e\000r\000e\000n\000c\000e\000s\000\040\000b\000e\000t\000w\000e\000e\000n\000\040\000n\000a\000i\000v\000e\000\040\000s\000t\000r\000i\000n\000g\000-\000m\000a\000t\000c\000h\000i\000n\000g\000\040\000a\000n\000d\000\040\000K\000M\000P\000\040\000a\000l\000g\000o\000r\000i\000t\000h\000m\000s}{}% 18
\BOOKMARK [2][-]{subsection.6.1}{\376\377\000P\000r\000e\000p\000r\000o\000c\000e\000s\000s\000i\000n\000g}{section.6}% 19
\BOOKMARK [2][-]{subsection.6.2}{\376\377\000M\000a\000t\000c\000h\000i\000n\000g\000\040\000t\000i\000m\000e\000\040\000c\000o\000m\000p\000l\000e\000x\000i\000t\000y}{section.6}% 20
\BOOKMARK [1][-]{section.7}{\376\377\000T\000e\000s\000t\000s\000\040\000a\000n\000d\000\040\000r\000e\000s\000u\000l\000t\000s}{}% 21
\BOOKMARK [2][-]{subsection.7.1}{\376\377\000E\000x\000p\000e\000c\000t\000e\000d\000\040\000p\000e\000r\000f\000o\000r\000m\000a\000n\000c\000e\000s}{section.7}% 22
\BOOKMARK [2][-]{subsection.7.2}{\376\377\000R\000e\000s\000u\000l\000t\000s}{section.7}% 23
\BOOKMARK [3][-]{subsubsection.7.2.1}{\376\377\000R\000a\000n\000d\000o\000m\000\040\000t\000e\000s\000t\000s}{subsection.7.2}% 24
\BOOKMARK [3][-]{subsubsection.7.2.2}{\376\377\000T\000e\000s\000t\000s\000\040\000w\000i\000t\000h\000\040\000t\000h\000e\000\040\000s\000a\000m\000e\000\040\000t\000e\000x\000t\000\040\000o\000f\000\040\000d\000i\000f\000f\000e\000r\000e\000n\000t\000\040\000s\000i\000z\000e\000s\000\040\000b\000u\000t\000\040\000s\000a\000m\000e\000\040\000p\000a\000t\000t\000e\000r\000n\000\040\000i\000n\000\040\000e\000v\000e\000r\000y\000\040\000t\000e\000s\000t\000\040\000c\000a\000s\000e}{subsection.7.2}% 25
\BOOKMARK [3][-]{subsubsection.7.2.3}{\376\377\000T\000e\000s\000t\000s\000\040\000w\000i\000t\000h\000\040\000t\000h\000e\000\040\000s\000a\000m\000e\000\040\000t\000e\000x\000t\000\040\000b\000u\000t\000\040\000d\000i\000f\000f\000e\000r\000e\000n\000t\000\040\000p\000a\000t\000t\000e\000r\000n\000s}{subsection.7.2}% 26
\BOOKMARK [3][-]{subsubsection.7.2.4}{\376\377\000T\000e\000s\000t\000s\000\040\000w\000i\000t\000h\000\040\000a\000n\000\040\000e\000n\000t\000i\000r\000e\000\040\000c\000h\000a\000p\000t\000e\000r\000\040\000o\000f\000\040\000a\000\040\000b\000o\000o\000k\000\040\000a\000s\000\040\000t\000e\000x\000t\000\040\000a\000n\000d\000\040\000a\000\040\000w\000o\000r\000d\000\040\000a\000s\000\040\000p\000a\000t\000t\000e\000r\000n}{subsection.7.2}% 27
\BOOKMARK [1][-]{section.8}{\376\377\000T\000e\000s\000t\000s\000\040\000d\000i\000s\000c\000u\000s\000s\000i\000o\000n\000\040\000a\000n\000d\000\040\000c\000o\000n\000c\000l\000u\000s\000i\000o\000n\000s}{}% 28
