This is pdfTeX, Version 3.141592653-2.6-1.40.24 (TeX Live 2022) (preloaded format=pdflatex 2023.3.15)  25 NOV 2023 11:36
entering extended mode
 restricted \write18 enabled.
 file:line:error style messages enabled.
 %&-line parsing enabled.
**StringMatchingAlgorithms.tex
(./StringMatchingAlgorithms.tex
LaTeX2e <2021-11-15> patch level 1
L3 programming layer <2022-02-24>
(/usr/local/texlive/2022/texmf-dist/tex/latex/base/article.cls
Document Class: article 2021/10/04 v1.4n Standard LaTeX document class
(/usr/local/texlive/2022/texmf-dist/tex/latex/base/size11.clo
File: size11.clo 2021/10/04 v1.4n Standard LaTeX file (size option)
)
\c@part=\count185
\c@section=\count186
\c@subsection=\count187
\c@subsubsection=\count188
\c@paragraph=\count189
\c@subparagraph=\count190
\c@figure=\count191
\c@table=\count192
\abovecaptionskip=\skip47
\belowcaptionskip=\skip48
\bibindent=\dimen138
)
(/usr/local/texlive/2022/texmf-dist/tex/latex/amsmath/amsmath.sty
Package: amsmath 2021/10/15 v2.17l AMS math features
\@mathmargin=\skip49

For additional information on amsmath, use the `?' option.
(/usr/local/texlive/2022/texmf-dist/tex/latex/amsmath/amstext.sty
Package: amstext 2021/08/26 v2.01 AMS text

(/usr/local/texlive/2022/texmf-dist/tex/latex/amsmath/amsgen.sty
File: amsgen.sty 1999/11/30 v2.0 generic functions
\@emptytoks=\toks16
\ex@=\dimen139
))
(/usr/local/texlive/2022/texmf-dist/tex/latex/amsmath/amsbsy.sty
Package: amsbsy 1999/11/29 v1.2d Bold Symbols
\pmbraise@=\dimen140
)
(/usr/local/texlive/2022/texmf-dist/tex/latex/amsmath/amsopn.sty
Package: amsopn 2021/08/26 v2.02 operator names
)
\inf@bad=\count193
LaTeX Info: Redefining \frac on input line 234.
\uproot@=\count194
\leftroot@=\count195
LaTeX Info: Redefining \overline on input line 399.
\classnum@=\count196
\DOTSCASE@=\count197
LaTeX Info: Redefining \ldots on input line 496.
LaTeX Info: Redefining \dots on input line 499.
LaTeX Info: Redefining \cdots on input line 620.
\Mathstrutbox@=\box50
\strutbox@=\box51
\big@size=\dimen141
LaTeX Font Info:    Redeclaring font encoding OML on input line 743.
LaTeX Font Info:    Redeclaring font encoding OMS on input line 744.
\macc@depth=\count198
\c@MaxMatrixCols=\count199
\dotsspace@=\muskip16
\c@parentequation=\count266
\dspbrk@lvl=\count267
\tag@help=\toks17
\row@=\count268
\column@=\count269
\maxfields@=\count270
\andhelp@=\toks18
\eqnshift@=\dimen142
\alignsep@=\dimen143
\tagshift@=\dimen144
\tagwidth@=\dimen145
\totwidth@=\dimen146
\lineht@=\dimen147
\@envbody=\toks19
\multlinegap=\skip50
\multlinetaggap=\skip51
\mathdisplay@stack=\toks20
LaTeX Info: Redefining \[ on input line 2938.
LaTeX Info: Redefining \] on input line 2939.
)
(/usr/local/texlive/2022/texmf-dist/tex/latex/graphics/graphicx.sty
Package: graphicx 2021/09/16 v1.2d Enhanced LaTeX Graphics (DPC,SPQR)

(/usr/local/texlive/2022/texmf-dist/tex/latex/graphics/keyval.sty
Package: keyval 2014/10/28 v1.15 key=value parser (DPC)
\KV@toks@=\toks21
)
(/usr/local/texlive/2022/texmf-dist/tex/latex/graphics/graphics.sty
Package: graphics 2021/03/04 v1.4d Standard LaTeX Graphics (DPC,SPQR)

(/usr/local/texlive/2022/texmf-dist/tex/latex/graphics/trig.sty
Package: trig 2021/08/11 v1.11 sin cos tan (DPC)
)
(/usr/local/texlive/2022/texmf-dist/tex/latex/graphics-cfg/graphics.cfg
File: graphics.cfg 2016/06/04 v1.11 sample graphics configuration
)
Package graphics Info: Driver file: pdftex.def on input line 107.

(/usr/local/texlive/2022/texmf-dist/tex/latex/graphics-def/pdftex.def
File: pdftex.def 2020/10/05 v1.2a Graphics/color driver for pdftex
))
\Gin@req@height=\dimen148
\Gin@req@width=\dimen149
)
(/usr/local/texlive/2022/texmf-dist/tex/latex/float/float.sty
Package: float 2001/11/08 v1.3d Float enhancements (AL)
\c@float@type=\count271
\float@exts=\toks22
\float@box=\box52
\@float@everytoks=\toks23
\@floatcapt=\box53
)
(/usr/local/texlive/2022/texmf-dist/tex/latex/listings/listings.sty
\lst@mode=\count272
\lst@gtempboxa=\box54
\lst@token=\toks24
\lst@length=\count273
\lst@currlwidth=\dimen150
\lst@column=\count274
\lst@pos=\count275
\lst@lostspace=\dimen151
\lst@width=\dimen152
\lst@newlines=\count276
\lst@lineno=\count277
\lst@maxwidth=\dimen153

(/usr/local/texlive/2022/texmf-dist/tex/latex/listings/lstmisc.sty
File: lstmisc.sty 2020/03/24 1.8d (Carsten Heinz)
\c@lstnumber=\count278
\lst@skipnumbers=\count279
\lst@framebox=\box55
)
(/usr/local/texlive/2022/texmf-dist/tex/latex/listings/listings.cfg
File: listings.cfg 2020/03/24 1.8d listings configuration
))
Package: listings 2020/03/24 1.8d (Carsten Heinz)

(/usr/local/texlive/2022/texmf-dist/tex/latex/caption/caption.sty
Package: caption 2022/03/01 v3.6b Customizing captions (AR)

(/usr/local/texlive/2022/texmf-dist/tex/latex/caption/caption3.sty
Package: caption3 2022/03/17 v2.3b caption3 kernel (AR)
\caption@tempdima=\dimen154
\captionmargin=\dimen155
\caption@leftmargin=\dimen156
\caption@rightmargin=\dimen157
\caption@width=\dimen158
\caption@indent=\dimen159
\caption@parindent=\dimen160
\caption@hangindent=\dimen161
Package caption Info: Standard document class detected.
)
\c@caption@flags=\count280
\c@continuedfloat=\count281
Package caption Info: float package is loaded.
Package caption Info: listings package is loaded.
)
(/usr/local/texlive/2022/texmf-dist/tex/latex/comment/comment.sty
\CommentStream=\write3

Excluding comment 'comment')
(/usr/local/texlive/2022/texmf-dist/tex/latex/algorithm2e/algorithm2e.sty
Package: algorithm2e 2017/07/18 v5.2 algorithms environments
\c@AlgoLine=\count282

(/usr/local/texlive/2022/texmf-dist/tex/latex/base/ifthen.sty
Package: ifthen 2020/11/24 v1.1c Standard LaTeX ifthen package (DPC)
)
\algocf@hangindent=\skip52

(/usr/local/texlive/2022/texmf-dist/tex/latex/ifoddpage/ifoddpage.sty
Package: ifoddpage 2016/04/23 v1.1 Conditionals for odd/even page detection
\c@checkoddpage=\count283
)
(/usr/local/texlive/2022/texmf-dist/tex/latex/tools/xspace.sty
Package: xspace 2014/10/28 v1.13 Space after command names (DPC,MH)
)
(/usr/local/texlive/2022/texmf-dist/tex/latex/relsize/relsize.sty
Package: relsize 2013/03/29 ver 4.1
)
\skiptotal=\skip53
\skiplinenumber=\skip54
\skiprule=\skip55
\skiphlne=\skip56
\skiptext=\skip57
\skiplength=\skip58
\algomargin=\skip59
\skipalgocfslide=\skip60
\algowidth=\dimen162
\inoutsize=\dimen163
\inoutindent=\dimen164
\interspacetitleruled=\dimen165
\interspacealgoruled=\dimen166
\interspacetitleboxruled=\dimen167
\algocf@ruledwidth=\skip61
\algocf@inoutbox=\box56
\algocf@inputbox=\box57
\AlCapSkip=\skip62
\AlCapHSkip=\skip63
\algoskipindent=\skip64
\algocf@nlbox=\box58
\algocf@hangingbox=\box59
\algocf@untilbox=\box60
\algocf@skipuntil=\skip65
\algocf@capbox=\box61
\algocf@lcaptionbox=\skip66
\algoheightruledefault=\skip67
\algoheightrule=\skip68
\algotitleheightruledefault=\skip69
\algotitleheightrule=\skip70
\c@algocfline=\count284
\c@algocfproc=\count285
\c@algocf=\count286
\algocf@algoframe=\box62
\algocf@algobox=\box63
)
(/usr/local/texlive/2022/texmf-dist/tex/latex/tools/hhline.sty
Package: hhline 2020/01/04 v2.04 Table rule package (DPC)
)
(/usr/local/texlive/2022/texmf-dist/tex/latex/geometry/geometry.sty
Package: geometry 2020/01/02 v5.9 Page Geometry

(/usr/local/texlive/2022/texmf-dist/tex/generic/iftex/ifvtex.sty
Package: ifvtex 2019/10/25 v1.7 ifvtex legacy package. Use iftex instead.

(/usr/local/texlive/2022/texmf-dist/tex/generic/iftex/iftex.sty
Package: iftex 2022/02/03 v1.0f TeX engine tests
))
\Gm@cnth=\count287
\Gm@cntv=\count288
\c@Gm@tempcnt=\count289
\Gm@bindingoffset=\dimen168
\Gm@wd@mp=\dimen169
\Gm@odd@mp=\dimen170
\Gm@even@mp=\dimen171
\Gm@layoutwidth=\dimen172
\Gm@layoutheight=\dimen173
\Gm@layouthoffset=\dimen174
\Gm@layoutvoffset=\dimen175
\Gm@dimlist=\toks25
)
(/usr/local/texlive/2022/texmf-dist/tex/latex/tools/tabularx.sty
Package: tabularx 2020/01/15 v2.11c `tabularx' package (DPC)

(/usr/local/texlive/2022/texmf-dist/tex/latex/tools/array.sty
Package: array 2021/10/04 v2.5f Tabular extension package (FMi)
\col@sep=\dimen176
\ar@mcellbox=\box64
\extrarowheight=\dimen177
\NC@list=\toks26
\extratabsurround=\skip71
\backup@length=\skip72
\ar@cellbox=\box65
)
\TX@col@width=\dimen178
\TX@old@table=\dimen179
\TX@old@col=\dimen180
\TX@target=\dimen181
\TX@delta=\dimen182
\TX@cols=\count290
\TX@ftn=\toks27
)
(/usr/local/texlive/2022/texmf-dist/tex/latex/hyperref/hyperref.sty
Package: hyperref 2022-02-21 v7.00n Hypertext links for LaTeX

(/usr/local/texlive/2022/texmf-dist/tex/generic/ltxcmds/ltxcmds.sty
Package: ltxcmds 2020-05-10 v1.25 LaTeX kernel commands for general use (HO)
)
(/usr/local/texlive/2022/texmf-dist/tex/generic/pdftexcmds/pdftexcmds.sty
Package: pdftexcmds 2020-06-27 v0.33 Utility functions of pdfTeX for LuaTeX (HO
)

(/usr/local/texlive/2022/texmf-dist/tex/generic/infwarerr/infwarerr.sty
Package: infwarerr 2019/12/03 v1.5 Providing info/warning/error messages (HO)
)
Package pdftexcmds Info: \pdf@primitive is available.
Package pdftexcmds Info: \pdf@ifprimitive is available.
Package pdftexcmds Info: \pdfdraftmode found.
)
(/usr/local/texlive/2022/texmf-dist/tex/generic/kvsetkeys/kvsetkeys.sty
Package: kvsetkeys 2019/12/15 v1.18 Key value parser (HO)
)
(/usr/local/texlive/2022/texmf-dist/tex/generic/kvdefinekeys/kvdefinekeys.sty
Package: kvdefinekeys 2019-12-19 v1.6 Define keys (HO)
)
(/usr/local/texlive/2022/texmf-dist/tex/generic/pdfescape/pdfescape.sty
Package: pdfescape 2019/12/09 v1.15 Implements pdfTeX's escape features (HO)
)
(/usr/local/texlive/2022/texmf-dist/tex/latex/hycolor/hycolor.sty
Package: hycolor 2020-01-27 v1.10 Color options for hyperref/bookmark (HO)
)
(/usr/local/texlive/2022/texmf-dist/tex/latex/letltxmacro/letltxmacro.sty
Package: letltxmacro 2019/12/03 v1.6 Let assignment for LaTeX macros (HO)
)
(/usr/local/texlive/2022/texmf-dist/tex/latex/auxhook/auxhook.sty
Package: auxhook 2019-12-17 v1.6 Hooks for auxiliary files (HO)
)
(/usr/local/texlive/2022/texmf-dist/tex/latex/kvoptions/kvoptions.sty
Package: kvoptions 2020-10-07 v3.14 Key value format for package options (HO)
)
\@linkdim=\dimen183
\Hy@linkcounter=\count291
\Hy@pagecounter=\count292

(/usr/local/texlive/2022/texmf-dist/tex/latex/hyperref/pd1enc.def
File: pd1enc.def 2022-02-21 v7.00n Hyperref: PDFDocEncoding definition (HO)
Now handling font encoding PD1 ...
... no UTF-8 mapping file for font encoding PD1
)
(/usr/local/texlive/2022/texmf-dist/tex/generic/intcalc/intcalc.sty
Package: intcalc 2019/12/15 v1.3 Expandable calculations with integers (HO)
)
(/usr/local/texlive/2022/texmf-dist/tex/generic/etexcmds/etexcmds.sty
Package: etexcmds 2019/12/15 v1.7 Avoid name clashes with e-TeX commands (HO)
)
\Hy@SavedSpaceFactor=\count293

(/usr/local/texlive/2022/texmf-dist/tex/latex/hyperref/puenc.def
File: puenc.def 2022-02-21 v7.00n Hyperref: PDF Unicode definition (HO)
Now handling font encoding PU ...
... no UTF-8 mapping file for font encoding PU
)
Package hyperref Info: Hyper figures OFF on input line 4137.
Package hyperref Info: Link nesting OFF on input line 4142.
Package hyperref Info: Hyper index ON on input line 4145.
Package hyperref Info: Plain pages OFF on input line 4152.
Package hyperref Info: Backreferencing OFF on input line 4157.
Package hyperref Info: Implicit mode ON; LaTeX internals redefined.
Package hyperref Info: Bookmarks ON on input line 4390.
\c@Hy@tempcnt=\count294

(/usr/local/texlive/2022/texmf-dist/tex/latex/url/url.sty
\Urlmuskip=\muskip17
Package: url 2013/09/16  ver 3.4  Verb mode for urls, etc.
)
LaTeX Info: Redefining \url on input line 4749.
\XeTeXLinkMargin=\dimen184

(/usr/local/texlive/2022/texmf-dist/tex/generic/bitset/bitset.sty
Package: bitset 2019/12/09 v1.3 Handle bit-vector datatype (HO)

(/usr/local/texlive/2022/texmf-dist/tex/generic/bigintcalc/bigintcalc.sty
Package: bigintcalc 2019/12/15 v1.5 Expandable calculations on big integers (HO
)
))
\Fld@menulength=\count295
\Field@Width=\dimen185
\Fld@charsize=\dimen186
Package hyperref Info: Hyper figures OFF on input line 6027.
Package hyperref Info: Link nesting OFF on input line 6032.
Package hyperref Info: Hyper index ON on input line 6035.
Package hyperref Info: backreferencing OFF on input line 6042.
Package hyperref Info: Link coloring OFF on input line 6047.
Package hyperref Info: Link coloring with OCG OFF on input line 6052.
Package hyperref Info: PDF/A mode OFF on input line 6057.
LaTeX Info: Redefining \ref on input line 6097.
LaTeX Info: Redefining \pageref on input line 6101.

(/usr/local/texlive/2022/texmf-dist/tex/latex/base/atbegshi-ltx.sty
Package: atbegshi-ltx 2021/01/10 v1.0c Emulation of the original atbegshi
package with kernel methods
)
\Hy@abspage=\count296
\c@Item=\count297
\c@Hfootnote=\count298
)
Package hyperref Info: Driver (autodetected): hpdftex.

(/usr/local/texlive/2022/texmf-dist/tex/latex/hyperref/hpdftex.def
File: hpdftex.def 2022-02-21 v7.00n Hyperref driver for pdfTeX

(/usr/local/texlive/2022/texmf-dist/tex/latex/base/atveryend-ltx.sty
Package: atveryend-ltx 2020/08/19 v1.0a Emulation of the original atveryend pac
kage
with kernel methods
)
\Fld@listcount=\count299
\c@bookmark@seq@number=\count300

(/usr/local/texlive/2022/texmf-dist/tex/latex/rerunfilecheck/rerunfilecheck.sty
Package: rerunfilecheck 2019/12/05 v1.9 Rerun checks for auxiliary files (HO)

(/usr/local/texlive/2022/texmf-dist/tex/generic/uniquecounter/uniquecounter.sty
Package: uniquecounter 2019/12/15 v1.4 Provide unlimited unique counter (HO)
)
Package uniquecounter Info: New unique counter `rerunfilecheck' on input line 2
86.
)
\Hy@SectionHShift=\skip73
)
(/usr/local/texlive/2022/texmf-dist/tex/latex/l3backend/l3backend-pdftex.def
File: l3backend-pdftex.def 2022-02-07 L3 backend support: PDF output (pdfTeX)
\l__color_backend_stack_int=\count301
\l__pdf_internal_box=\box66
)
(/Users/eliainnocenti/Library/Mobile Documents/com~apple~CloudDocs/File/UNIFI/C
orsi/Laboratorio di Algoritmi e Strutture Dati/Progetto/StringMatchingAlgorithm
s/out/tex/StringMatchingAlgorithms.aux)
\openout1 = `StringMatchingAlgorithms.aux'.

LaTeX Font Info:    Checking defaults for OML/cmm/m/it on input line 112.
LaTeX Font Info:    ... okay on input line 112.
LaTeX Font Info:    Checking defaults for OMS/cmsy/m/n on input line 112.
LaTeX Font Info:    ... okay on input line 112.
LaTeX Font Info:    Checking defaults for OT1/cmr/m/n on input line 112.
LaTeX Font Info:    ... okay on input line 112.
LaTeX Font Info:    Checking defaults for T1/cmr/m/n on input line 112.
LaTeX Font Info:    ... okay on input line 112.
LaTeX Font Info:    Checking defaults for TS1/cmr/m/n on input line 112.
LaTeX Font Info:    ... okay on input line 112.
LaTeX Font Info:    Checking defaults for OMX/cmex/m/n on input line 112.
LaTeX Font Info:    ... okay on input line 112.
LaTeX Font Info:    Checking defaults for U/cmr/m/n on input line 112.
LaTeX Font Info:    ... okay on input line 112.
LaTeX Font Info:    Checking defaults for PD1/pdf/m/n on input line 112.
LaTeX Font Info:    ... okay on input line 112.
LaTeX Font Info:    Checking defaults for PU/pdf/m/n on input line 112.
LaTeX Font Info:    ... okay on input line 112.

(/usr/local/texlive/2022/texmf-dist/tex/context/base/mkii/supp-pdf.mkii
[Loading MPS to PDF converter (version 2006.09.02).]
\scratchcounter=\count302
\scratchdimen=\dimen187
\scratchbox=\box67
\nofMPsegments=\count303
\nofMParguments=\count304
\everyMPshowfont=\toks28
\MPscratchCnt=\count305
\MPscratchDim=\dimen188
\MPnumerator=\count306
\makeMPintoPDFobject=\count307
\everyMPtoPDFconversion=\toks29
) (/usr/local/texlive/2022/texmf-dist/tex/latex/epstopdf-pkg/epstopdf-base.sty
Package: epstopdf-base 2020-01-24 v2.11 Base part for package epstopdf
Package epstopdf-base Info: Redefining graphics rule for `.eps' on input line 4
85.

(/usr/local/texlive/2022/texmf-dist/tex/latex/latexconfig/epstopdf-sys.cfg
File: epstopdf-sys.cfg 2010/07/13 v1.3 Configuration of (r)epstopdf for TeX Liv
e
))
\c@lstlisting=\count308
Package caption Info: Begin \AtBeginDocument code.
Package caption Info: hyperref package is loaded.
Package caption Info: End \AtBeginDocument code.

*geometry* driver: auto-detecting
*geometry* detected driver: pdftex
*geometry* verbose mode - [ preamble ] result:
* driver: pdftex
* paper: <default>
* layout: <same size as paper>
* layoutoffset:(h,v)=(0.0pt,0.0pt)
* modes: 
* h-part:(L,W,R)=(92.14519pt, 430.00462pt, 92.14519pt)
* v-part:(T,H,B)=(95.39737pt, 619.90482pt, 79.6678pt)
* \paperwidth=614.295pt
* \paperheight=794.96999pt
* \textwidth=430.00462pt
* \textheight=619.90482pt
* \oddsidemargin=19.8752pt
* \evensidemargin=19.8752pt
* \topmargin=-13.87262pt
* \headheight=12.0pt
* \headsep=25.0pt
* \topskip=11.0pt
* \footskip=30.0pt
* \marginparwidth=59.0pt
* \marginparsep=10.0pt
* \columnsep=10.0pt
* \skip\footins=10.0pt plus 4.0pt minus 2.0pt
* \hoffset=0.0pt
* \voffset=0.0pt
* \mag=1000
* \@twocolumnfalse
* \@twosidefalse
* \@mparswitchfalse
* \@reversemarginfalse
* (1in=72.27pt=25.4mm, 1cm=28.453pt)

Package hyperref Info: Link coloring OFF on input line 112.
(/usr/local/texlive/2022/texmf-dist/tex/latex/hyperref/nameref.sty
Package: nameref 2021-04-02 v2.47 Cross-referencing by name of section

(/usr/local/texlive/2022/texmf-dist/tex/latex/refcount/refcount.sty
Package: refcount 2019/12/15 v3.6 Data extraction from label references (HO)
)
(/usr/local/texlive/2022/texmf-dist/tex/generic/gettitlestring/gettitlestring.s
ty
Package: gettitlestring 2019/12/15 v1.6 Cleanup title references (HO)
)
\c@section@level=\count309
)
LaTeX Info: Redefining \ref on input line 112.
LaTeX Info: Redefining \pageref on input line 112.
LaTeX Info: Redefining \nameref on input line 112.

(/Users/eliainnocenti/Library/Mobile Documents/com~apple~CloudDocs/File/UNIFI/C
orsi/Laboratorio di Algoritmi e Strutture Dati/Progetto/StringMatchingAlgorithm
s/out/tex/StringMatchingAlgorithms.out)
(/Users/eliainnocenti/Library/Mobile Documents/com~apple~CloudDocs/File/UNIFI/C
orsi/Laboratorio di Algoritmi e Strutture Dati/Progetto/StringMatchingAlgorithm
s/out/tex/StringMatchingAlgorithms.out)
\@outlinefile=\write4
\openout4 = `StringMatchingAlgorithms.out'.

*geometry* verbose mode - [ newgeometry ] result:
* driver: pdftex
* paper: <default>
* layout: <same size as paper>
* layoutoffset:(h,v)=(0.0pt,0.0pt)
* modes: 
* h-part:(L,W,R)=(92.14519pt, 430.00462pt, 92.14519pt)
* v-part:(T,H,B)=(48.36958pt, 666.9326pt, 79.6678pt)
* \paperwidth=614.295pt
* \paperheight=794.96999pt
* \textwidth=430.00462pt
* \textheight=666.9326pt
* \oddsidemargin=19.8752pt
* \evensidemargin=19.8752pt
* \topmargin=-60.9004pt
* \headheight=12.0pt
* \headsep=25.0pt
* \topskip=11.0pt
* \footskip=30.0pt
* \marginparwidth=59.0pt
* \marginparsep=10.0pt
* \columnsep=10.0pt
* \skip\footins=10.0pt plus 4.0pt minus 2.0pt
* \hoffset=0.0pt
* \voffset=0.0pt
* \mag=1000
* \@twocolumnfalse
* \@twosidefalse
* \@mparswitchfalse
* \@reversemarginfalse
* (1in=72.27pt=25.4mm, 1cm=28.453pt)


(/Users/eliainnocenti/Library/Mobile Documents/com~apple~CloudDocs/File/UNIFI/C
orsi/Laboratorio di Algoritmi e Strutture Dati/Progetto/StringMatchingAlgorithm
s/out/tex/StringMatchingAlgorithms.toc)
\tf@toc=\write5
\openout5 = `StringMatchingAlgorithms.toc'.

 [1


{/usr/local/texlive/2022/texmf-var/fonts/map/pdftex/updmap/pdftex.map}]
Underfull \hbox (badness 10000) in paragraph at lines 147--148

 []


Underfull \hbox (badness 10000) in paragraph at lines 149--154

 []

<./resources/images//Figure 2.1.png, id=156, 236.885pt x 60.225pt>
File: ./resources/images//Figure 2.1.png Graphic file (type png)
<use ./resources/images//Figure 2.1.png>
Package pdftex.def Info: ./resources/images//Figure 2.1.png  used on input line
 162.
(pdftex.def)             Requested size: 301.00192pt x 76.52806pt.
[2

] [3 <./resources/images//Figure 2.1.png>]
./StringMatchingAlgorithms.tex:217: Undefined control sequence.
l.217                 \captionabove
                                   {\underline{NAIVE-STRING-MATCHER(T,P)}} \\
The control sequence at the end of the top line
of your error message was never \def'ed. If you have
misspelled it (e.g., `\hobx'), type `I' and the correct
spelling (e.g., `I\hbox'). Otherwise just continue,
and I'll forget about whatever was undefined.

./StringMatchingAlgorithms.tex:220: Missing $ inserted.
<inserted text> 
                $
l.220                     $n$ \leftarrow
                                         T.length\; \\
I've inserted a begin-math/end-math symbol since I think
you left one out. Proceed, with fingers crossed.


./StringMatchingAlgorithms.tex:220: LaTeX Error: There's no line here to end.

See the LaTeX manual or LaTeX Companion for explanation.
Type  H <return>  for immediate help.
 ...                                              
                                                  
l.220 ...             $n$ \leftarrow T.length\; \\
                                                  
Your command was ignored.
Type  I <command> <return>  to replace it with another command,
or  <return>  to continue without it.

./StringMatchingAlgorithms.tex:220: Missing $ inserted.
<inserted text> 
                $
l.220 ...             $n$ \leftarrow T.length\; \\
                                                  
I've inserted a begin-math/end-math symbol since I think
you left one out. Proceed, with fingers crossed.

./StringMatchingAlgorithms.tex:221: Missing $ inserted.
<inserted text> 
                $
l.221                     $m$ \leftarrow
                                         P.length\; \\
I've inserted a begin-math/end-math symbol since I think
you left one out. Proceed, with fingers crossed.


./StringMatchingAlgorithms.tex:221: LaTeX Error: There's no line here to end.

See the LaTeX manual or LaTeX Companion for explanation.
Type  H <return>  for immediate help.
 ...                                              
                                                  
l.221 ...             $m$ \leftarrow P.length\; \\
                                                  
Your command was ignored.
Type  I <command> <return>  to replace it with another command,
or  <return>  to continue without it.

./StringMatchingAlgorithms.tex:221: Missing $ inserted.
<inserted text> 
                $
l.221 ...             $m$ \leftarrow P.length\; \\
                                                  
I've inserted a begin-math/end-math symbol since I think
you left one out. Proceed, with fingers crossed.


Underfull \hbox (badness 10000) in paragraph at lines 242--244

 []

[4]
Underfull \hbox (badness 10000) in paragraph at lines 248--254

 []


Overfull \hbox (3.76805pt too wide) in paragraph at lines 268--269
[]\OT1/cmr/m/n/10.95 Preprocessing: con-struct a fi-nite au-toma-ton that rep-r
e-sents the pat-tern to be matched. 
 []

[5]
./StringMatchingAlgorithms.tex:307: Undefined control sequence.
l.307                 \captionabove
                                   {\underline{KMP-MATCHER(T,P)}} \\
The control sequence at the end of the top line
of your error message was never \def'ed. If you have
misspelled it (e.g., `\hobx'), type `I' and the correct
spelling (e.g., `I\hbox'). Otherwise just continue,
and I'll forget about whatever was undefined.

./StringMatchingAlgorithms.tex:310: Missing $ inserted.
<inserted text> 
                $
l.310                     $n$ \leftarrow
                                         T.length\; \\
I've inserted a begin-math/end-math symbol since I think
you left one out. Proceed, with fingers crossed.


./StringMatchingAlgorithms.tex:310: LaTeX Error: There's no line here to end.

See the LaTeX manual or LaTeX Companion for explanation.
Type  H <return>  for immediate help.
 ...                                              
                                                  
l.310 ...             $n$ \leftarrow T.length\; \\
                                                  
Your command was ignored.
Type  I <command> <return>  to replace it with another command,
or  <return>  to continue without it.

./StringMatchingAlgorithms.tex:310: Missing $ inserted.
<inserted text> 
                $
l.310 ...             $n$ \leftarrow T.length\; \\
                                                  
I've inserted a begin-math/end-math symbol since I think
you left one out. Proceed, with fingers crossed.

./StringMatchingAlgorithms.tex:311: Missing $ inserted.
<inserted text> 
                $
l.311                     $m$ \leftarrow
                                         P.length\; \\
I've inserted a begin-math/end-math symbol since I think
you left one out. Proceed, with fingers crossed.


./StringMatchingAlgorithms.tex:311: LaTeX Error: There's no line here to end.

See the LaTeX manual or LaTeX Companion for explanation.
Type  H <return>  for immediate help.
 ...                                              
                                                  
l.311 ...             $m$ \leftarrow P.length\; \\
                                                  
Your command was ignored.
Type  I <command> <return>  to replace it with another command,
or  <return>  to continue without it.

./StringMatchingAlgorithms.tex:311: Missing $ inserted.
<inserted text> 
                $
l.311 ...             $m$ \leftarrow P.length\; \\
                                                  
I've inserted a begin-math/end-math symbol since I think
you left one out. Proceed, with fingers crossed.

./StringMatchingAlgorithms.tex:312: Missing $ inserted.
<inserted text> 
                $
l.312                     \pi
                              \leftarrow \text{COMPUTE-PREFIX-FUNCTION(P)}\; \\
I've inserted a begin-math/end-math symbol since I think
you left one out. Proceed, with fingers crossed.


./StringMatchingAlgorithms.tex:312: LaTeX Error: There's no line here to end.

See the LaTeX manual or LaTeX Companion for explanation.
Type  H <return>  for immediate help.
 ...                                              
                                                  
l.312 ...ow \text{COMPUTE-PREFIX-FUNCTION(P)}\; \\
                                                  
Your command was ignored.
Type  I <command> <return>  to replace it with another command,
or  <return>  to continue without it.

./StringMatchingAlgorithms.tex:312: Missing $ inserted.
<inserted text> 
                $
l.312 ...ow \text{COMPUTE-PREFIX-FUNCTION(P)}\; \\
                                                  
I've inserted a begin-math/end-math symbol since I think
you left one out. Proceed, with fingers crossed.

./StringMatchingAlgorithms.tex:313: Missing $ inserted.
<inserted text> 
                $
l.313                     $q$ \leftarrow
                                         $0$\; \\
I've inserted a begin-math/end-math symbol since I think
you left one out. Proceed, with fingers crossed.


./StringMatchingAlgorithms.tex:313: LaTeX Error: There's no line here to end.

See the LaTeX manual or LaTeX Companion for explanation.
Type  H <return>  for immediate help.
 ...                                              
                                                  
l.313                     $q$ \leftarrow $0$\; \\
                                                 
Your command was ignored.
Type  I <command> <return>  to replace it with another command,
or  <return>  to continue without it.

./StringMatchingAlgorithms.tex:313: Missing $ inserted.
<inserted text> 
                $
l.313                     $q$ \leftarrow $0$\; \\
                                                 
I've inserted a begin-math/end-math symbol since I think
you left one out. Proceed, with fingers crossed.

./StringMatchingAlgorithms.tex:338: Undefined control sequence.
l.338                 \captionabove
                                   {\underline{COMPUTE-PREFIX-FUNCTION(P)}} \\
The control sequence at the end of the top line
of your error message was never \def'ed. If you have
misspelled it (e.g., `\hobx'), type `I' and the correct
spelling (e.g., `I\hbox'). Otherwise just continue,
and I'll forget about whatever was undefined.

./StringMatchingAlgorithms.tex:341: Missing $ inserted.
<inserted text> 
                $
l.341                     $m$ \leftarrow
                                         P.length\; \\
I've inserted a begin-math/end-math symbol since I think
you left one out. Proceed, with fingers crossed.


./StringMatchingAlgorithms.tex:341: LaTeX Error: There's no line here to end.

See the LaTeX manual or LaTeX Companion for explanation.
Type  H <return>  for immediate help.
 ...                                              
                                                  
l.341 ...             $m$ \leftarrow P.length\; \\
                                                  
Your command was ignored.
Type  I <command> <return>  to replace it with another command,
or  <return>  to continue without it.

./StringMatchingAlgorithms.tex:341: Missing $ inserted.
<inserted text> 
                $
l.341 ...             $m$ \leftarrow P.length\; \\
                                                  
I've inserted a begin-math/end-math symbol since I think
you left one out. Proceed, with fingers crossed.


./StringMatchingAlgorithms.tex:342: LaTeX Error: There's no line here to end.

See the LaTeX manual or LaTeX Companion for explanation.
Type  H <return>  for immediate help.
 ...                                              
                                                  
l.342 ...      let $\pi[1..m]$ be a new array\; \\
                                                  
Your command was ignored.
Type  I <command> <return>  to replace it with another command,
or  <return>  to continue without it.


./StringMatchingAlgorithms.tex:343: LaTeX Error: There's no line here to end.

See the LaTeX manual or LaTeX Companion for explanation.
Type  H <return>  for immediate help.
 ...                                              
                                                  
l.343 ...               $\pi[1] \leftarrow 0$\; \\
                                                  
Your command was ignored.
Type  I <command> <return>  to replace it with another command,
or  <return>  to continue without it.


./StringMatchingAlgorithms.tex:344: LaTeX Error: There's no line here to end.

See the LaTeX manual or LaTeX Companion for explanation.
Type  H <return>  for immediate help.
 ...                                              
                                                  
l.344                     $k \leftarrow 0$\; \\
                                               
Your command was ignored.
Type  I <command> <return>  to replace it with another command,
or  <return>  to continue without it.

[6]
Underfull \hbox (badness 10000) in paragraph at lines 360--361

 []

[7] [8]
Underfull \hbox (badness 10000) in paragraph at lines 504--504
[]|\OT1/cmr/m/n/10.95 "thisisaverylongtextwith
 []

[9]
./StringMatchingAlgorithms.tex:568: You can't use `macro parameter character #'
 in horizontal mode.
<inserted text> ...000 & 7000 \\ \hline 14 & "!@##
                                                  \$\%\^\&*()\_+=" * 25000 &...
l.568                         \end{tabularx}
                                            
Sorry, but I'm not programmed to handle this case;
I'll just pretend that you didn't ask for it.
If you're in the wrong mode, you might be able to
return to the right one by typing `I}' or `I$' or `I\par'.

./StringMatchingAlgorithms.tex:568: You can't use `macro parameter character #'
 in horizontal mode.
<inserted text> ...)\_+=" * 25000 & 325000 & "!@##
                                                  \$" * 5000 & 20000 \\ \hli...
l.568                         \end{tabularx}
                                            
Sorry, but I'm not programmed to handle this case;
I'll just pretend that you didn't ask for it.
If you're in the wrong mode, you might be able to
return to the right one by typing `I}' or `I$' or `I\par'.

./StringMatchingAlgorithms.tex:568: You can't use `macro parameter character #'
 in horizontal mode.
<inserted text> ...000 & 7000 \\ \hline 14 & "!@##
                                                  \$\%\^\&*()\_+=" * 25000 &...
l.568                         \end{tabularx}
                                            
Sorry, but I'm not programmed to handle this case;
I'll just pretend that you didn't ask for it.
If you're in the wrong mode, you might be able to
return to the right one by typing `I}' or `I$' or `I\par'.

./StringMatchingAlgorithms.tex:568: You can't use `macro parameter character #'
 in horizontal mode.
<inserted text> ...)\_+=" * 25000 & 325000 & "!@##
                                                  \$" * 5000 & 20000 \\ \hli...
l.568                         \end{tabularx}
                                            
Sorry, but I'm not programmed to handle this case;
I'll just pretend that you didn't ask for it.
If you're in the wrong mode, you might be able to
return to the right one by typing `I}' or `I$' or `I\par'.


Overfull \hbox (10.01044pt too wide) in paragraph at lines 568--568
[]|\OT1/cmr/m/n/10.95 "abacababacabacababacab"| 
 []


Underfull \hbox (badness 10000) in paragraph at lines 568--568
[]|\OT1/cmr/m/n/10.95 "abababababababababab
 []


Underfull \hbox (badness 10000) in paragraph at lines 568--568
[]|\OT1/cmr/m/n/10.95 "abcdefghijklmnopqrstu
 []


Underfull \hbox (badness 10000) in paragraph at lines 568--568
[]|\OT1/cmr/m/n/10.95 "abcdefghijklmnopqrstu
 []


Underfull \hbox (badness 10000) in paragraph at lines 568--568
[]|\OT1/cmr/m/n/10.95 "pqrs" * 5000 +
 []

./StringMatchingAlgorithms.tex:568: You can't use `macro parameter character #'
 in horizontal mode.
<inserted text> ...000 & 7000 \\ \hline 14 & "!@##
                                                  \$\%\^\&*()\_+=" * 25000 &...
l.568                         \end{tabularx}
                                            
Sorry, but I'm not programmed to handle this case;
I'll just pretend that you didn't ask for it.
If you're in the wrong mode, you might be able to
return to the right one by typing `I}' or `I$' or `I\par'.

./StringMatchingAlgorithms.tex:568: You can't use `macro parameter character #'
 in horizontal mode.
<inserted text> ...)\_+=" * 25000 & 325000 & "!@##
                                                  \$" * 5000 & 20000 \\ \hli...
l.568                         \end{tabularx}
                                            
Sorry, but I'm not programmed to handle this case;
I'll just pretend that you didn't ask for it.
If you're in the wrong mode, you might be able to
return to the right one by typing `I}' or `I$' or `I\par'.


Underfull \hbox (badness 10000) in paragraph at lines 568--568
[]|\OT1/cmr/m/n/10.95 "56789" * 40000 +
 []


Underfull \hbox (badness 10000) in paragraph at lines 568--568
[]|\OT1/cmr/m/n/10.95 "abcdefghijklmnopqrstu
 []


Underfull \hbox (badness 10000) in paragraph at lines 568--568
[]|\OT1/cmr/m/n/10.95 "abcdefghijklmnopqrstu
 []


Underfull \hbox (badness 10000) in paragraph at lines 568--568
[]|\OT1/cmr/m/n/10.95 "pqrs" * 25000 +
 []

[10]
<./out/images/charts/execution_times_1_1.png, id=253, 1003.75pt x 602.25pt>
File: ./out/images/charts/execution_times_1_1.png Graphic file (type png)
<use ./out/images/charts/execution_times_1_1.png>
Package pdftex.def Info: ./out/images/charts/execution_times_1_1.png  used on i
nput line 579.
(pdftex.def)             Requested size: 430.00462pt x 258.00673pt.
<./out/images/tables/table_execution_times_1_1 (1).png, id=254, 750.55406pt x 3
83.93437pt>
File: ./out/images/tables/table_execution_times_1_1 (1).png Graphic file (type 
png)
<use ./out/images/tables/table_execution_times_1_1 (1).png>
Package pdftex.def Info: ./out/images/tables/table_execution_times_1_1 (1).png 
 used on input line 586.
(pdftex.def)             Requested size: 387.00153pt x 197.96567pt.
 [11 <./out/images/charts/execution_times_1_1.png (PNG copy)> <./out/images/tab
les/table_execution_times_1_1 (1).png>]
<./out/images/charts/execution_times_1_2.png, id=262, 1003.75pt x 602.25pt>
File: ./out/images/charts/execution_times_1_2.png Graphic file (type png)
<use ./out/images/charts/execution_times_1_2.png>
Package pdftex.def Info: ./out/images/charts/execution_times_1_2.png  used on i
nput line 597.
(pdftex.def)             Requested size: 430.00462pt x 258.00673pt.
<./out/images/tables/table_execution_times_1_2 (1).png, id=263, 773.89125pt x 5
01.37312pt>
File: ./out/images/tables/table_execution_times_1_2 (1).png Graphic file (type 
png)
<use ./out/images/tables/table_execution_times_1_2 (1).png>
Package pdftex.def Info: ./out/images/tables/table_execution_times_1_2 (1).png 
 used on input line 604.
(pdftex.def)             Requested size: 387.00153pt x 250.72418pt.
 [12 <./out/images/charts/execution_times_1_2.png (PNG copy)> <./out/images/tab
les/table_execution_times_1_2 (1).png>]
Underfull \hbox (badness 10000) in paragraph at lines 616--641
[]$[]$$[]$
 []

<./out/images/charts/execution_times_2_1.png, id=272, 1003.75pt x 602.25pt>
File: ./out/images/charts/execution_times_2_1.png Graphic file (type png)
<use ./out/images/charts/execution_times_2_1.png>
Package pdftex.def Info: ./out/images/charts/execution_times_2_1.png  used on i
nput line 645.
(pdftex.def)             Requested size: 430.00462pt x 258.00673pt.
<./out/images/tables/table_execution_times_2_1.png, id=273, 303.1325pt x 177.66
376pt>
File: ./out/images/tables/table_execution_times_2_1.png Graphic file (type png)

<use ./out/images/tables/table_execution_times_2_1.png>
Package pdftex.def Info: ./out/images/tables/table_execution_times_2_1.png  use
d on input line 652.
(pdftex.def)             Requested size: 215.0023pt x 126.01201pt.
[13 <./out/images/charts/execution_times_2_1.png (PNG copy)> <./out/images/tabl
es/table_execution_times_2_1.png>]
Underfull \hbox (badness 10000) in paragraph at lines 662--687
[]$[]$$[]$
 []

<./out/images/charts/execution_times_2_2.png, id=282, 1003.75pt x 602.25pt>
File: ./out/images/charts/execution_times_2_2.png Graphic file (type png)
<use ./out/images/charts/execution_times_2_2.png>
Package pdftex.def Info: ./out/images/charts/execution_times_2_2.png  used on i
nput line 691.
(pdftex.def)             Requested size: 430.00462pt x 258.00673pt.
<./out/images/tables/table_execution_times_2_2.png, id=283, 305.14pt x 176.66pt
>
File: ./out/images/tables/table_execution_times_2_2.png Graphic file (type png)

<use ./out/images/tables/table_execution_times_2_2.png>
Package pdftex.def Info: ./out/images/tables/table_execution_times_2_2.png  use
d on input line 698.
(pdftex.def)             Requested size: 215.0023pt x 124.4806pt.
[14 <./out/images/charts/execution_times_2_2.png (PNG copy)> <./out/images/tabl
es/table_execution_times_2_2.png>]
Underfull \hbox (badness 10000) in paragraph at lines 708--733
[]$[]$$[]$
 []

<./out/images/charts/execution_times_2_3.png, id=291, 1003.75pt x 602.25pt>
File: ./out/images/charts/execution_times_2_3.png Graphic file (type png)
<use ./out/images/charts/execution_times_2_3.png>
Package pdftex.def Info: ./out/images/charts/execution_times_2_3.png  used on i
nput line 737.
(pdftex.def)             Requested size: 430.00462pt x 258.00673pt.
<./out/images/tables/table_execution_times_2_3.png, id=292, 307.1475pt x 177.66
376pt>
File: ./out/images/tables/table_execution_times_2_3.png Graphic file (type png)

<use ./out/images/tables/table_execution_times_2_3.png>
Package pdftex.def Info: ./out/images/tables/table_execution_times_2_3.png  use
d on input line 744.
(pdftex.def)             Requested size: 215.0023pt x 124.36649pt.
[15 <./out/images/charts/execution_times_2_3.png (PNG copy)> <./out/images/tabl
es/table_execution_times_2_3.png>]
Overfull \hbox (14.61458pt too wide) in paragraph at lines 770--779
 [][] 
 []


Underfull \hbox (badness 10000) in paragraph at lines 756--781
[]$[]$$[]$
 []

<./out/images/charts/execution_times_3_1.png, id=300, 1003.75pt x 602.25pt>
File: ./out/images/charts/execution_times_3_1.png Graphic file (type png)
<use ./out/images/charts/execution_times_3_1.png>
Package pdftex.def Info: ./out/images/charts/execution_times_3_1.png  used on i
nput line 785.
(pdftex.def)             Requested size: 430.00462pt x 258.00673pt.
<./out/images/tables/table_execution_times_3_1.png, id=301, 308.15125pt x 178.6
675pt>
File: ./out/images/tables/table_execution_times_3_1.png Graphic file (type png)

<use ./out/images/tables/table_execution_times_3_1.png>
Package pdftex.def Info: ./out/images/tables/table_execution_times_3_1.png  use
d on input line 792.
(pdftex.def)             Requested size: 215.0023pt x 124.6629pt.
[16 <./out/images/charts/execution_times_3_1.png (PNG copy)> <./out/images/tabl
es/table_execution_times_3_1.png>]
*geometry* verbose mode - [ newgeometry ] result:
* driver: pdftex
* paper: <default>
* layout: <same size as paper>
* layoutoffset:(h,v)=(0.0pt,0.0pt)
* modes: 
* h-part:(L,W,R)=(92.14519pt, 430.00462pt, 92.14519pt)
* v-part:(T,H,B)=(82.51282pt, 632.78937pt, 79.6678pt)
* \paperwidth=614.295pt
* \paperheight=794.96999pt
* \textwidth=430.00462pt
* \textheight=632.78937pt
* \oddsidemargin=19.8752pt
* \evensidemargin=19.8752pt
* \topmargin=-26.75717pt
* \headheight=12.0pt
* \headsep=25.0pt
* \topskip=11.0pt
* \footskip=30.0pt
* \marginparwidth=59.0pt
* \marginparsep=10.0pt
* \columnsep=10.0pt
* \skip\footins=10.0pt plus 4.0pt minus 2.0pt
* \hoffset=0.0pt
* \voffset=0.0pt
* \mag=1000
* \@twocolumnfalse
* \@twosidefalse
* \@mparswitchfalse
* \@reversemarginfalse
* (1in=72.27pt=25.4mm, 1cm=28.453pt)


Underfull \hbox (badness 10000) in paragraph at lines 809--826
[]$[]$$[]$
 []

<./out/images/tables/table_execution_times_4_1.png, id=309, 310.15875pt x 77.28
876pt>
File: ./out/images/tables/table_execution_times_4_1.png Graphic file (type png)

<use ./out/images/tables/table_execution_times_4_1.png>
Package pdftex.def Info: ./out/images/tables/table_execution_times_4_1.png  use
d on input line 839.
(pdftex.def)             Requested size: 215.0023pt x 53.57576pt.

Underfull \hbox (badness 10000) in paragraph at lines 849--863

 []

./StringMatchingAlgorithms.tex:866: Missing $ inserted.
<inserted text> 
                $
l.866 ...NCTION(P) (the preprocessing function \pi
                                                   \text{ that has complexit...
I've inserted a begin-math/end-math symbol since I think
you left one out. Proceed, with fingers crossed.

./StringMatchingAlgorithms.tex:866: Missing $ inserted.
<inserted text> 
                $
l.866 ... \pi \text{ that has complexity } $\Theta
                                                  (m)$) and to have a matchi...
I've inserted a begin-math/end-math symbol since I think
you left one out. Proceed, with fingers crossed.

[17

 <./out/images/tables/table_execution_times_4_1.png>]
(/Users/eliainnocenti/Library/Mobile Documents/com~apple~CloudDocs/File/UNIFI/C
orsi/Laboratorio di Algoritmi e Strutture Dati/Progetto/StringMatchingAlgorithm
s/out/tex/StringMatchingAlgorithms.aux)
Package rerunfilecheck Info: File `StringMatchingAlgorithms.out' has not change
d.
(rerunfilecheck)             Checksum: 54A685021935F7B24B502603EBF0824A;5197.
 ) 
Here is how much of TeX's memory you used:
 13622 strings out of 478268
 226188 string characters out of 5846347
 533912 words of memory out of 5000000
 31522 multiletter control sequences out of 15000+600000
 476946 words of font info for 55 fonts, out of 8000000 for 9000
 1141 hyphenation exceptions out of 8191
 60i,15n,63p,574b,515s stack positions out of 10000i,1000n,20000p,200000b,200000s
{/usr/local/texlive/2022/texmf-dist/fonts/enc/dvips/cm-super/cm-super-ts1.enc
}</usr/local/texlive/2022/texmf-dist/fonts/type1/public/amsfonts/cm/cmbx10.pfb>
</usr/local/texlive/2022/texmf-dist/fonts/type1/public/amsfonts/cm/cmbx12.pfb><
/usr/local/texlive/2022/texmf-dist/fonts/type1/public/amsfonts/cm/cmbx8.pfb></u
sr/local/texlive/2022/texmf-dist/fonts/type1/public/amsfonts/cm/cmex10.pfb></us
r/local/texlive/2022/texmf-dist/fonts/type1/public/amsfonts/cm/cmmi10.pfb></usr
/local/texlive/2022/texmf-dist/fonts/type1/public/amsfonts/cm/cmr10.pfb></usr/l
ocal/texlive/2022/texmf-dist/fonts/type1/public/amsfonts/cm/cmr12.pfb></usr/loc
al/texlive/2022/texmf-dist/fonts/type1/public/amsfonts/cm/cmr17.pfb></usr/local
/texlive/2022/texmf-dist/fonts/type1/public/amsfonts/cm/cmsy10.pfb></usr/local/
texlive/2022/texmf-dist/fonts/type1/public/amsfonts/cm/cmti10.pfb></usr/local/t
exlive/2022/texmf-dist/fonts/type1/public/amsfonts/cm/cmtt10.pfb></usr/local/te
xlive/2022/texmf-dist/fonts/type1/public/cm-super/sfrm1095.pfb>
Output written on "/Users/eliainnocenti/Library/Mobile Documents/com~apple~Clou
dDocs/File/UNIFI/Corsi/Laboratorio di Algoritmi e Strutture Dati/Progetto/Strin
gMatchingAlgorithms/out/tex/StringMatchingAlgorithms.pdf" (17 pages, 865511 byt
es).
PDF statistics:
 407 PDF objects out of 1000 (max. 8388607)
 343 compressed objects within 4 object streams
 114 named destinations out of 1000 (max. 500000)
 295 words of extra memory for PDF output out of 10000 (max. 10000000)

